# JRE version: Java(TM) SE Runtime Environment (8.0_91-b14) (build 1.8.0_91-b14)
# Java VM: Java HotSpot(TM) 64-Bit Server VM (25.91-b14 mixed mode linux-amd64 compressed oops)
Heap:
 PSYoungGen      total 256000K, used 91817K [0x00000000eab00000, 0x0000000100000000, 0x0000000100000000)
  eden space 196608K, 18% used [0x00000000eab00000,0x00000000ece4a230,0x00000000f6b00000)
  from space 59392K, 93% used [0x00000000fc600000,0x00000000ffc60360,0x0000000100000000)
  to   space 76288K, 0% used [0x00000000f6b00000,0x00000000f6b00000,0x00000000fb580000)
 ParOldGen       total 376832K, used 149940K [0x00000000c0000000, 0x00000000d7000000, 0x00000000eab00000)
  object space 376832K, 39% used [0x00000000c0000000,0x00000000c926d3c8,0x00000000d7000000)
 Metaspace       used 47637K, capacity 48708K, committed 49024K, reserved 1093632K
  class space    used 5377K, capacity 5672K, committed 5760K, reserved 1048576K
GC Heap History (10 events):
Event: 16740.411 GC heap before
{Heap before GC invocations=53 (full 5):
 PSYoungGen      total 253440K, used 196484K [0x00000000eab00000, 0x00000000fea80000, 0x0000000100000000)
  eden space 188928K, 100% used [0x00000000eab00000,0x00000000f6380000,0x00000000f6380000)
  from space 64512K, 11% used [0x00000000f6380000,0x00000000f6ae1258,0x00000000fa280000)
  to   space 59904K, 0% used [0x00000000fb000000,0x00000000fb000000,0x00000000fea80000)
 ParOldGen       total 376832K, used 121915K [0x00000000c0000000, 0x00000000d7000000, 0x00000000eab00000)
  object space 376832K, 32% used [0x00000000c0000000,0x00000000c770ef58,0x00000000d7000000)
 Metaspace       used 47494K, capacity 48556K, committed 48768K, reserved 1091584K
  class space    used 5363K, capacity 5668K, committed 5760K, reserved 1048576K
Event: 16740.617 GC heap after
Heap after GC invocations=53 (full 5):
 PSYoungGen      total 252928K, used 11303K [0x00000000eab00000, 0x00000000fdf00000, 0x0000000100000000)
  eden space 204800K, 0% used [0x00000000eab00000,0x00000000eab00000,0x00000000f7300000)
  from space 48128K, 23% used [0x00000000fb000000,0x00000000fbb09cf8,0x00000000fdf00000)
  to   space 55296K, 0% used [0x00000000f7300000,0x00000000f7300000,0x00000000fa900000)
 ParOldGen       total 376832K, used 121915K [0x00000000c0000000, 0x00000000d7000000, 0x00000000eab00000)
  object space 376832K, 32% used [0x00000000c0000000,0x00000000c770ef58,0x00000000d7000000)
 Metaspace       used 47494K, capacity 48556K, committed 48768K, reserved 1091584K
  class space    used 5363K, capacity 5668K, committed 5760K, reserved 1048576K
}
Event: 16741.839 GC heap before
{Heap before GC invocations=54 (full 5):
 PSYoungGen      total 252928K, used 216103K [0x00000000eab00000, 0x00000000fdf00000, 0x0000000100000000)
  eden space 204800K, 100% used [0x00000000eab00000,0x00000000f7300000,0x00000000f7300000)
  from space 48128K, 23% used [0x00000000fb000000,0x00000000fbb09cf8,0x00000000fdf00000)
  to   space 55296K, 0% used [0x00000000f7300000,0x00000000f7300000,0x00000000fa900000)
 ParOldGen       total 376832K, used 121915K [0x00000000c0000000, 0x00000000d7000000, 0x00000000eab00000)
  object space 376832K, 32% used [0x00000000c0000000,0x00000000c770ef58,0x00000000d7000000)
 Metaspace       used 47526K, capacity 48580K, committed 48768K, reserved 1091584K
  class space    used 5366K, capacity 5672K, committed 5760K, reserved 1048576K
Event: 16742.216 GC heap after
Heap after GC invocations=54 (full 5):
 PSYoungGen      total 260096K, used 11608K [0x00000000eab00000, 0x00000000ff880000, 0x0000000100000000)
  eden space 204800K, 0% used [0x00000000eab00000,0x00000000eab00000,0x00000000f7300000)
  from space 55296K, 20% used [0x00000000f7300000,0x00000000f7e56240,0x00000000fa900000)
  to   space 51200K, 0% used [0x00000000fc680000,0x00000000fc680000,0x00000000ff880000)
 ParOldGen       total 376832K, used 121923K [0x00000000c0000000, 0x00000000d7000000, 0x00000000eab00000)
  object space 376832K, 32% used [0x00000000c0000000,0x00000000c7710f58,0x00000000d7000000)
 Metaspace       used 47526K, capacity 48580K, committed 48768K, reserved 1091584K
  class space    used 5366K, capacity 5672K, committed 5760K, reserved 1048576K
}
Event: 16742.543 GC heap before
{Heap before GC invocations=55 (full 5):
 PSYoungGen      total 260096K, used 216408K [0x00000000eab00000, 0x00000000ff880000, 0x0000000100000000)
  eden space 204800K, 100% used [0x00000000eab00000,0x00000000f7300000,0x00000000f7300000)
  from space 55296K, 20% used [0x00000000f7300000,0x00000000f7e56240,0x00000000fa900000)
  to   space 51200K, 0% used [0x00000000fc680000,0x00000000fc680000,0x00000000ff880000)
 ParOldGen       total 376832K, used 121923K [0x00000000c0000000, 0x00000000d7000000, 0x00000000eab00000)
  object space 376832K, 32% used [0x00000000c0000000,0x00000000c7710f58,0x00000000d7000000)
 Metaspace       used 47534K, capacity 48644K, committed 49024K, reserved 1093632K
  class space    used 5366K, capacity 5672K, committed 5760K, reserved 1048576K
Event: 16742.936 GC heap after
Heap after GC invocations=55 (full 5):
 PSYoungGen      total 289280K, used 11936K [0x00000000eab00000, 0x00000000ff400000, 0x0000000100000000)
  eden space 242688K, 0% used [0x00000000eab00000,0x00000000eab00000,0x00000000f9800000)
  from space 46592K, 25% used [0x00000000fc680000,0x00000000fd228240,0x00000000ff400000)
  to   space 47104K, 0% used [0x00000000f9800000,0x00000000f9800000,0x00000000fc600000)
 ParOldGen       total 376832K, used 122050K [0x00000000c0000000, 0x00000000d7000000, 0x00000000eab00000)
  object space 376832K, 32% used [0x00000000c0000000,0x00000000c77308e8,0x00000000d7000000)
 Metaspace       used 47534K, capacity 48644K, committed 49024K, reserved 1093632K
  class space    used 5366K, capacity 5672K, committed 5760K, reserved 1048576K
}
Event: 17029.339 GC heap before
{Heap before GC invocations=56 (full 5):
 PSYoungGen      total 289280K, used 254624K [0x00000000eab00000, 0x00000000ff400000, 0x0000000100000000)
  eden space 242688K, 100% used [0x00000000eab00000,0x00000000f9800000,0x00000000f9800000)
  from space 46592K, 25% used [0x00000000fc680000,0x00000000fd228240,0x00000000ff400000)
  to   space 47104K, 0% used [0x00000000f9800000,0x00000000f9800000,0x00000000fc600000)
 ParOldGen       total 376832K, used 122050K [0x00000000c0000000, 0x00000000d7000000, 0x00000000eab00000)
  object space 376832K, 32% used [0x00000000c0000000,0x00000000c77308e8,0x00000000d7000000)
 Metaspace       used 47607K, capacity 48708K, committed 49024K, reserved 1093632K
  class space    used 5374K, capacity 5672K, committed 5760K, reserved 1048576K
Event: 17033.790 GC heap after
Heap after GC invocations=56 (full 5):
 PSYoungGen      total 289792K, used 47083K [0x00000000eab00000, 0x0000000100000000, 0x0000000100000000)
  eden space 242688K, 0% used [0x00000000eab00000,0x00000000eab00000,0x00000000f9800000)
  from space 47104K, 99% used [0x00000000f9800000,0x00000000fc5fafd0,0x00000000fc600000)
  to   space 59392K, 0% used [0x00000000fc600000,0x00000000fc600000,0x0000000100000000)
 ParOldGen       total 376832K, used 149507K [0x00000000c0000000, 0x00000000d7000000, 0x00000000eab00000)
  object space 376832K, 39% used [0x00000000c0000000,0x00000000c9200f20,0x00000000d7000000)
 Metaspace       used 47607K, capacity 48708K, committed 49024K, reserved 1093632K
  class space    used 5374K, capacity 5672K, committed 5760K, reserved 1048576K
}
Event: 26786.154 GC heap before
{Heap before GC invocations=57 (full 5):
 PSYoungGen      total 289792K, used 289771K [0x00000000eab00000, 0x0000000100000000, 0x0000000100000000)
  eden space 242688K, 100% used [0x00000000eab00000,0x00000000f9800000,0x00000000f9800000)
  from space 47104K, 99% used [0x00000000f9800000,0x00000000fc5fafd0,0x00000000fc600000)
  to   space 59392K, 0% used [0x00000000fc600000,0x00000000fc600000,0x0000000100000000)
 ParOldGen       total 376832K, used 149507K [0x00000000c0000000, 0x00000000d7000000, 0x00000000eab00000)
  object space 376832K, 39% used [0x00000000c0000000,0x00000000c9200f20,0x00000000d7000000)
 Metaspace       used 47635K, capacity 48708K, committed 49024K, reserved 1093632K
  class space    used 5377K, capacity 5672K, committed 5760K, reserved 1048576K
Event: 26816.364 GC heap after
Heap after GC invocations=57 (full 5):
 PSYoungGen      total 256000K, used 55680K [0x00000000eab00000, 0x0000000100000000, 0x0000000100000000)
  eden space 196608K, 0% used [0x00000000eab00000,0x00000000eab00000,0x00000000f6b00000)
  from space 59392K, 93% used [0x00000000fc600000,0x00000000ffc60360,0x0000000100000000)
  to   space 76288K, 0% used [0x00000000f6b00000,0x00000000f6b00000,0x00000000fb580000)
 ParOldGen       total 376832K, used 149940K [0x00000000c0000000, 0x00000000d7000000, 0x00000000eab00000)
  object space 376832K, 39% used [0x00000000c0000000,0x00000000c926d3c8,0x00000000d7000000)
 Metaspace       used 47635K, capacity 48708K, committed 49024K, reserved 1093632K
  class space    used 5377K, capacity 5672K, committed 5760K, reserved 1048576K
}

